Demo/mediationAdapters/KSAdapter/build/intermediates/manifest_merge_blame_file/unionNoPluginRelease/manifest-merger-blame-union-noPlugin-release-report.txt
1<?xml version="1.0" encoding="utf-8"?>
2<manifest xmlns:android="http://schemas.android.com/apk/res/android"
3    package="com.qq.e.union.ks"
4    android:versionCode="1"
5    android:versionName="1.0" >
6
7    <uses-sdk
8        android:minSdkVersion="16"
8-->src/main/AndroidManifest.xml
9        android:targetSdkVersion="28" />
9-->src/main/AndroidManifest.xml
10
11    <!-- 检测当前⽹络状态是2G、3G、4G还是WiFi -->
12    <uses-permission android:name="android.permission.ACCESS_NETWORK_STATE" />
12-->src/main/AndroidManifest.xml:6:5-79
12-->src/main/AndroidManifest.xml:6:22-76
13    <!-- 联⽹权限 -->
14    <uses-permission android:name="android.permission.INTERNET" />
14-->src/main/AndroidManifest.xml:8:5-67
14-->src/main/AndroidManifest.xml:8:22-64
15    <!-- 获取设备标识IMEI。⽤于标识⽤户 -->
16    <uses-permission android:name="android.permission.READ_PHONE_STATE" />
16-->src/main/AndroidManifest.xml:10:5-75
16-->src/main/AndroidManifest.xml:10:22-72
17    <!-- 读写存储权限 -->
18    <uses-permission android:name="android.permission.READ_EXTERNAL_STORAGE" />
18-->src/main/AndroidManifest.xml:12:5-80
18-->src/main/AndroidManifest.xml:12:22-77
19    <uses-permission android:name="android.permission.WRITE_EXTERNAL_STORAGE" />
19-->src/main/AndroidManifest.xml:13:5-81
19-->src/main/AndroidManifest.xml:13:22-78
20    <!-- 获取MAC地址，⽤于标识⽤户 -->
21    <uses-permission android:name="android.permission.ACCESS_WIFI_STATE" />
21-->src/main/AndroidManifest.xml:15:5-76
21-->src/main/AndroidManifest.xml:15:22-73
22    <!-- 安装应⽤权限 -->
23    <uses-permission android:name="android.permission.REQUEST_INSTALL_PACKAGES" />
23-->src/main/AndroidManifest.xml:17:5-83
23-->src/main/AndroidManifest.xml:17:22-80
24    <!-- 定位权限，不强制要求 -->
25    <uses-permission android:name="android.permission.ACCESS_COARSE_LOCATION" />
25-->src/main/AndroidManifest.xml:19:5-81
25-->src/main/AndroidManifest.xml:19:22-78
26    <uses-permission android:name="android.permission.ACCESS_FINE_LOCATION" />
26-->src/main/AndroidManifest.xml:20:5-79
26-->src/main/AndroidManifest.xml:20:22-76
27
28</manifest>